<?xml version="1.0" encoding="UTF-8"?>
<!-- Generated by org.testng.reporters.JUnitReportReporter -->
<testsuite hostname="DESKTOP-CBK3FMF" failures="0" tests="3" name="hookStepRunner.Runner" time="105.244" errors="0" timestamp="2023-12-10T09:22:35 IST" skipped="0">
  <testcase classname="hookStepRunner.Runner" name="runScenario" time="19.215"/>
  <system-out/>
  <testcase classname="hookStepRunner.Runner" name="runScenario" time="27.879"/>
  <system-out/>
  <testcase classname="hookStepRunner.Runner" name="runScenario" time="58.150"/>
  <system-out/>
</testsuite> <!-- hookStepRunner.Runner -->
